15:57:08Array
(
    [0] => Array
        (
            [label] => Square
            [width] => 75
            [height] => 75
            [source] => https://farm3.staticflickr.com/2430/4052169876_9e3808b206_s.jpg
            [url] => https://www.flickr.com/photos/burgtender/4052169876/sizes/sq/
            [media] => photo
        )

    [1] => Array
        (
            [label] => Large Square
            [width] => 150
            [height] => 150
            [source] => https://farm3.staticflickr.com/2430/4052169876_9e3808b206_q.jpg
            [url] => https://www.flickr.com/photos/burgtender/4052169876/sizes/q/
            [media] => photo
        )

    [2] => Array
        (
            [label] => Thumbnail
            [width] => 100
            [height] => 67
            [source] => https://farm3.staticflickr.com/2430/4052169876_9e3808b206_t.jpg
            [url] => https://www.flickr.com/photos/burgtender/4052169876/sizes/t/
            [media] => photo
        )

    [3] => Array
        (
            [label] => Small
            [width] => 240
            [height] => 161
            [source] => https://farm3.staticflickr.com/2430/4052169876_9e3808b206_m.jpg
            [url] => https://www.flickr.com/photos/burgtender/4052169876/sizes/s/
            [media] => photo
        )

    [4] => Array
        (
            [label] => Small 320
            [width] => 320
            [height] => 214
            [source] => https://farm3.staticflickr.com/2430/4052169876_9e3808b206_n.jpg
            [url] => https://www.flickr.com/photos/burgtender/4052169876/sizes/n/
            [media] => photo
        )

    [5] => Array
        (
            [label] => Medium
            [width] => 500
            [height] => 334
            [source] => https://farm3.staticflickr.com/2430/4052169876_9e3808b206.jpg
            [url] => https://www.flickr.com/photos/burgtender/4052169876/sizes/m/
            [media] => photo
        )

    [6] => Array
        (
            [label] => Medium 640
            [width] => 640
            [height] => 428
            [source] => https://farm3.staticflickr.com/2430/4052169876_9e3808b206_z.jpg
            [url] => https://www.flickr.com/photos/burgtender/4052169876/sizes/z/
            [media] => photo
        )

    [7] => Array
        (
            [label] => Large
            [width] => 1024
            [height] => 685
            [source] => https://farm3.staticflickr.com/2430/4052169876_9e3808b206_b.jpg
            [url] => https://www.flickr.com/photos/burgtender/4052169876/sizes/l/
            [media] => photo
        )

    [8] => Array
        (
            [label] => Original
            [width] => 1600
            [height] => 1071
            [source] => https://farm3.staticflickr.com/2430/4052169876_702e016e94_o.jpg
            [url] => https://www.flickr.com/photos/burgtender/4052169876/sizes/o/
            [media] => photo
        )

)

15:57:08Array
(
    [label] => Original
    [width] => 1600
    [height] => 1071
    [source] => https://farm3.staticflickr.com/2430/4052169876_702e016e94_o.jpg
    [url] => https://www.flickr.com/photos/burgtender/4052169876/sizes/o/
    [media] => photo
)

15:57:08Array
(
    [0] => Array
        (
            [label] => Square
            [width] => 75
            [height] => 75
            [source] => https://farm3.staticflickr.com/2430/4052169876_9e3808b206_s.jpg
            [url] => https://www.flickr.com/photos/burgtender/4052169876/sizes/sq/
            [media] => photo
        )

    [1] => Array
        (
            [label] => Large Square
            [width] => 150
            [height] => 150
            [source] => https://farm3.staticflickr.com/2430/4052169876_9e3808b206_q.jpg
            [url] => https://www.flickr.com/photos/burgtender/4052169876/sizes/q/
            [media] => photo
        )

    [2] => Array
        (
            [label] => Thumbnail
            [width] => 100
            [height] => 67
            [source] => https://farm3.staticflickr.com/2430/4052169876_9e3808b206_t.jpg
            [url] => https://www.flickr.com/photos/burgtender/4052169876/sizes/t/
            [media] => photo
        )

    [3] => Array
        (
            [label] => Small
            [width] => 240
            [height] => 161
            [source] => https://farm3.staticflickr.com/2430/4052169876_9e3808b206_m.jpg
            [url] => https://www.flickr.com/photos/burgtender/4052169876/sizes/s/
            [media] => photo
        )

    [4] => Array
        (
            [label] => Small 320
            [width] => 320
            [height] => 214
            [source] => https://farm3.staticflickr.com/2430/4052169876_9e3808b206_n.jpg
            [url] => https://www.flickr.com/photos/burgtender/4052169876/sizes/n/
            [media] => photo
        )

    [5] => Array
        (
            [label] => Medium
            [width] => 500
            [height] => 334
            [source] => https://farm3.staticflickr.com/2430/4052169876_9e3808b206.jpg
            [url] => https://www.flickr.com/photos/burgtender/4052169876/sizes/m/
            [media] => photo
        )

    [6] => Array
        (
            [label] => Medium 640
            [width] => 640
            [height] => 428
            [source] => https://farm3.staticflickr.com/2430/4052169876_9e3808b206_z.jpg
            [url] => https://www.flickr.com/photos/burgtender/4052169876/sizes/z/
            [media] => photo
        )

    [7] => Array
        (
            [label] => Large
            [width] => 1024
            [height] => 685
            [source] => https://farm3.staticflickr.com/2430/4052169876_9e3808b206_b.jpg
            [url] => https://www.flickr.com/photos/burgtender/4052169876/sizes/l/
            [media] => photo
        )

    [8] => Array
        (
            [label] => Original
            [width] => 1600
            [height] => 1071
            [source] => https://farm3.staticflickr.com/2430/4052169876_702e016e94_o.jpg
            [url] => https://www.flickr.com/photos/burgtender/4052169876/sizes/o/
            [media] => photo
        )

)

15:57:08Array
(
    [label] => Original
    [width] => 1600
    [height] => 1071
    [source] => https://farm3.staticflickr.com/2430/4052169876_702e016e94_o.jpg
    [url] => https://www.flickr.com/photos/burgtender/4052169876/sizes/o/
    [media] => photo
)

15:57:08Array
(
    [0] => Array
        (
            [label] => Square
            [width] => 75
            [height] => 75
            [source] => https://farm3.staticflickr.com/2430/4052169876_9e3808b206_s.jpg
            [url] => https://www.flickr.com/photos/burgtender/4052169876/sizes/sq/
            [media] => photo
        )

    [1] => Array
        (
            [label] => Large Square
            [width] => 150
            [height] => 150
            [source] => https://farm3.staticflickr.com/2430/4052169876_9e3808b206_q.jpg
            [url] => https://www.flickr.com/photos/burgtender/4052169876/sizes/q/
            [media] => photo
        )

    [2] => Array
        (
            [label] => Thumbnail
            [width] => 100
            [height] => 67
            [source] => https://farm3.staticflickr.com/2430/4052169876_9e3808b206_t.jpg
            [url] => https://www.flickr.com/photos/burgtender/4052169876/sizes/t/
            [media] => photo
        )

    [3] => Array
        (
            [label] => Small
            [width] => 240
            [height] => 161
            [source] => https://farm3.staticflickr.com/2430/4052169876_9e3808b206_m.jpg
            [url] => https://www.flickr.com/photos/burgtender/4052169876/sizes/s/
            [media] => photo
        )

    [4] => Array
        (
            [label] => Small 320
            [width] => 320
            [height] => 214
            [source] => https://farm3.staticflickr.com/2430/4052169876_9e3808b206_n.jpg
            [url] => https://www.flickr.com/photos/burgtender/4052169876/sizes/n/
            [media] => photo
        )

    [5] => Array
        (
            [label] => Medium
            [width] => 500
            [height] => 334
            [source] => https://farm3.staticflickr.com/2430/4052169876_9e3808b206.jpg
            [url] => https://www.flickr.com/photos/burgtender/4052169876/sizes/m/
            [media] => photo
        )

    [6] => Array
        (
            [label] => Medium 640
            [width] => 640
            [height] => 428
            [source] => https://farm3.staticflickr.com/2430/4052169876_9e3808b206_z.jpg
            [url] => https://www.flickr.com/photos/burgtender/4052169876/sizes/z/
            [media] => photo
        )

    [7] => Array
        (
            [label] => Large
            [width] => 1024
            [height] => 685
            [source] => https://farm3.staticflickr.com/2430/4052169876_9e3808b206_b.jpg
            [url] => https://www.flickr.com/photos/burgtender/4052169876/sizes/l/
            [media] => photo
        )

    [8] => Array
        (
            [label] => Original
            [width] => 1600
            [height] => 1071
            [source] => https://farm3.staticflickr.com/2430/4052169876_702e016e94_o.jpg
            [url] => https://www.flickr.com/photos/burgtender/4052169876/sizes/o/
            [media] => photo
        )

)

15:57:08Array
(
    [label] => Original
    [width] => 1600
    [height] => 1071
    [source] => https://farm3.staticflickr.com/2430/4052169876_702e016e94_o.jpg
    [url] => https://www.flickr.com/photos/burgtender/4052169876/sizes/o/
    [media] => photo
)

15:57:08Array
(
    [0] => Array
        (
            [label] => Square
            [width] => 75
            [height] => 75
            [source] => https://farm3.staticflickr.com/2430/4052169876_9e3808b206_s.jpg
            [url] => https://www.flickr.com/photos/burgtender/4052169876/sizes/sq/
            [media] => photo
        )

    [1] => Array
        (
            [label] => Large Square
            [width] => 150
            [height] => 150
            [source] => https://farm3.staticflickr.com/2430/4052169876_9e3808b206_q.jpg
            [url] => https://www.flickr.com/photos/burgtender/4052169876/sizes/q/
            [media] => photo
        )

    [2] => Array
        (
            [label] => Thumbnail
            [width] => 100
            [height] => 67
            [source] => https://farm3.staticflickr.com/2430/4052169876_9e3808b206_t.jpg
            [url] => https://www.flickr.com/photos/burgtender/4052169876/sizes/t/
            [media] => photo
        )

    [3] => Array
        (
            [label] => Small
            [width] => 240
            [height] => 161
            [source] => https://farm3.staticflickr.com/2430/4052169876_9e3808b206_m.jpg
            [url] => https://www.flickr.com/photos/burgtender/4052169876/sizes/s/
            [media] => photo
        )

    [4] => Array
        (
            [label] => Small 320
            [width] => 320
            [height] => 214
            [source] => https://farm3.staticflickr.com/2430/4052169876_9e3808b206_n.jpg
            [url] => https://www.flickr.com/photos/burgtender/4052169876/sizes/n/
            [media] => photo
        )

    [5] => Array
        (
            [label] => Medium
            [width] => 500
            [height] => 334
            [source] => https://farm3.staticflickr.com/2430/4052169876_9e3808b206.jpg
            [url] => https://www.flickr.com/photos/burgtender/4052169876/sizes/m/
            [media] => photo
        )

    [6] => Array
        (
            [label] => Medium 640
            [width] => 640
            [height] => 428
            [source] => https://farm3.staticflickr.com/2430/4052169876_9e3808b206_z.jpg
            [url] => https://www.flickr.com/photos/burgtender/4052169876/sizes/z/
            [media] => photo
        )

    [7] => Array
        (
            [label] => Large
            [width] => 1024
            [height] => 685
            [source] => https://farm3.staticflickr.com/2430/4052169876_9e3808b206_b.jpg
            [url] => https://www.flickr.com/photos/burgtender/4052169876/sizes/l/
            [media] => photo
        )

    [8] => Array
        (
            [label] => Original
            [width] => 1600
            [height] => 1071
            [source] => https://farm3.staticflickr.com/2430/4052169876_702e016e94_o.jpg
            [url] => https://www.flickr.com/photos/burgtender/4052169876/sizes/o/
            [media] => photo
        )

)

15:57:08Array
(
    [label] => Original
    [width] => 1600
    [height] => 1071
    [source] => https://farm3.staticflickr.com/2430/4052169876_702e016e94_o.jpg
    [url] => https://www.flickr.com/photos/burgtender/4052169876/sizes/o/
    [media] => photo
)

15:57:08Array
(
    [0] => Array
        (
            [label] => Square
            [width] => 75
            [height] => 75
            [source] => https://farm3.staticflickr.com/2430/4052169876_9e3808b206_s.jpg
            [url] => https://www.flickr.com/photos/burgtender/4052169876/sizes/sq/
            [media] => photo
        )

    [1] => Array
        (
            [label] => Large Square
            [width] => 150
            [height] => 150
            [source] => https://farm3.staticflickr.com/2430/4052169876_9e3808b206_q.jpg
            [url] => https://www.flickr.com/photos/burgtender/4052169876/sizes/q/
            [media] => photo
        )

    [2] => Array
        (
            [label] => Thumbnail
            [width] => 100
            [height] => 67
            [source] => https://farm3.staticflickr.com/2430/4052169876_9e3808b206_t.jpg
            [url] => https://www.flickr.com/photos/burgtender/4052169876/sizes/t/
            [media] => photo
        )

    [3] => Array
        (
            [label] => Small
            [width] => 240
            [height] => 161
            [source] => https://farm3.staticflickr.com/2430/4052169876_9e3808b206_m.jpg
            [url] => https://www.flickr.com/photos/burgtender/4052169876/sizes/s/
            [media] => photo
        )

    [4] => Array
        (
            [label] => Small 320
            [width] => 320
            [height] => 214
            [source] => https://farm3.staticflickr.com/2430/4052169876_9e3808b206_n.jpg
            [url] => https://www.flickr.com/photos/burgtender/4052169876/sizes/n/
            [media] => photo
        )

    [5] => Array
        (
            [label] => Medium
            [width] => 500
            [height] => 334
            [source] => https://farm3.staticflickr.com/2430/4052169876_9e3808b206.jpg
            [url] => https://www.flickr.com/photos/burgtender/4052169876/sizes/m/
            [media] => photo
        )

    [6] => Array
        (
            [label] => Medium 640
            [width] => 640
            [height] => 428
            [source] => https://farm3.staticflickr.com/2430/4052169876_9e3808b206_z.jpg
            [url] => https://www.flickr.com/photos/burgtender/4052169876/sizes/z/
            [media] => photo
        )

    [7] => Array
        (
            [label] => Large
            [width] => 1024
            [height] => 685
            [source] => https://farm3.staticflickr.com/2430/4052169876_9e3808b206_b.jpg
            [url] => https://www.flickr.com/photos/burgtender/4052169876/sizes/l/
            [media] => photo
        )

    [8] => Array
        (
            [label] => Original
            [width] => 1600
            [height] => 1071
            [source] => https://farm3.staticflickr.com/2430/4052169876_702e016e94_o.jpg
            [url] => https://www.flickr.com/photos/burgtender/4052169876/sizes/o/
            [media] => photo
        )

)

15:57:08Array
(
    [label] => Original
    [width] => 1600
    [height] => 1071
    [source] => https://farm3.staticflickr.com/2430/4052169876_702e016e94_o.jpg
    [url] => https://www.flickr.com/photos/burgtender/4052169876/sizes/o/
    [media] => photo
)

15:57:08Array
(
    [0] => Array
        (
            [label] => Square
            [width] => 75
            [height] => 75
            [source] => https://farm3.staticflickr.com/2430/4052169876_9e3808b206_s.jpg
            [url] => https://www.flickr.com/photos/burgtender/4052169876/sizes/sq/
            [media] => photo
        )

    [1] => Array
        (
            [label] => Large Square
            [width] => 150
            [height] => 150
            [source] => https://farm3.staticflickr.com/2430/4052169876_9e3808b206_q.jpg
            [url] => https://www.flickr.com/photos/burgtender/4052169876/sizes/q/
            [media] => photo
        )

    [2] => Array
        (
            [label] => Thumbnail
            [width] => 100
            [height] => 67
            [source] => https://farm3.staticflickr.com/2430/4052169876_9e3808b206_t.jpg
            [url] => https://www.flickr.com/photos/burgtender/4052169876/sizes/t/
            [media] => photo
        )

    [3] => Array
        (
            [label] => Small
            [width] => 240
            [height] => 161
            [source] => https://farm3.staticflickr.com/2430/4052169876_9e3808b206_m.jpg
            [url] => https://www.flickr.com/photos/burgtender/4052169876/sizes/s/
            [media] => photo
        )

    [4] => Array
        (
            [label] => Small 320
            [width] => 320
            [height] => 214
            [source] => https://farm3.staticflickr.com/2430/4052169876_9e3808b206_n.jpg
            [url] => https://www.flickr.com/photos/burgtender/4052169876/sizes/n/
            [media] => photo
        )

    [5] => Array
        (
            [label] => Medium
            [width] => 500
            [height] => 334
            [source] => https://farm3.staticflickr.com/2430/4052169876_9e3808b206.jpg
            [url] => https://www.flickr.com/photos/burgtender/4052169876/sizes/m/
            [media] => photo
        )

    [6] => Array
        (
            [label] => Medium 640
            [width] => 640
            [height] => 428
            [source] => https://farm3.staticflickr.com/2430/4052169876_9e3808b206_z.jpg
            [url] => https://www.flickr.com/photos/burgtender/4052169876/sizes/z/
            [media] => photo
        )

    [7] => Array
        (
            [label] => Large
            [width] => 1024
            [height] => 685
            [source] => https://farm3.staticflickr.com/2430/4052169876_9e3808b206_b.jpg
            [url] => https://www.flickr.com/photos/burgtender/4052169876/sizes/l/
            [media] => photo
        )

    [8] => Array
        (
            [label] => Original
            [width] => 1600
            [height] => 1071
            [source] => https://farm3.staticflickr.com/2430/4052169876_702e016e94_o.jpg
            [url] => https://www.flickr.com/photos/burgtender/4052169876/sizes/o/
            [media] => photo
        )

)

15:57:08Array
(
    [label] => Original
    [width] => 1600
    [height] => 1071
    [source] => https://farm3.staticflickr.com/2430/4052169876_702e016e94_o.jpg
    [url] => https://www.flickr.com/photos/burgtender/4052169876/sizes/o/
    [media] => photo
)

15:57:09Array
(
    [0] => Array
        (
            [label] => Square
            [width] => 75
            [height] => 75
            [source] => https://farm3.staticflickr.com/2430/4052169876_9e3808b206_s.jpg
            [url] => https://www.flickr.com/photos/burgtender/4052169876/sizes/sq/
            [media] => photo
        )

    [1] => Array
        (
            [label] => Large Square
            [width] => 150
            [height] => 150
            [source] => https://farm3.staticflickr.com/2430/4052169876_9e3808b206_q.jpg
            [url] => https://www.flickr.com/photos/burgtender/4052169876/sizes/q/
            [media] => photo
        )

    [2] => Array
        (
            [label] => Thumbnail
            [width] => 100
            [height] => 67
            [source] => https://farm3.staticflickr.com/2430/4052169876_9e3808b206_t.jpg
            [url] => https://www.flickr.com/photos/burgtender/4052169876/sizes/t/
            [media] => photo
        )

    [3] => Array
        (
            [label] => Small
            [width] => 240
            [height] => 161
            [source] => https://farm3.staticflickr.com/2430/4052169876_9e3808b206_m.jpg
            [url] => https://www.flickr.com/photos/burgtender/4052169876/sizes/s/
            [media] => photo
        )

    [4] => Array
        (
            [label] => Small 320
            [width] => 320
            [height] => 214
            [source] => https://farm3.staticflickr.com/2430/4052169876_9e3808b206_n.jpg
            [url] => https://www.flickr.com/photos/burgtender/4052169876/sizes/n/
            [media] => photo
        )

    [5] => Array
        (
            [label] => Medium
            [width] => 500
            [height] => 334
            [source] => https://farm3.staticflickr.com/2430/4052169876_9e3808b206.jpg
            [url] => https://www.flickr.com/photos/burgtender/4052169876/sizes/m/
            [media] => photo
        )

    [6] => Array
        (
            [label] => Medium 640
            [width] => 640
            [height] => 428
            [source] => https://farm3.staticflickr.com/2430/4052169876_9e3808b206_z.jpg
            [url] => https://www.flickr.com/photos/burgtender/4052169876/sizes/z/
            [media] => photo
        )

    [7] => Array
        (
            [label] => Large
            [width] => 1024
            [height] => 685
            [source] => https://farm3.staticflickr.com/2430/4052169876_9e3808b206_b.jpg
            [url] => https://www.flickr.com/photos/burgtender/4052169876/sizes/l/
            [media] => photo
        )

    [8] => Array
        (
            [label] => Original
            [width] => 1600
            [height] => 1071
            [source] => https://farm3.staticflickr.com/2430/4052169876_702e016e94_o.jpg
            [url] => https://www.flickr.com/photos/burgtender/4052169876/sizes/o/
            [media] => photo
        )

)

15:57:09Array
(
    [label] => Original
    [width] => 1600
    [height] => 1071
    [source] => https://farm3.staticflickr.com/2430/4052169876_702e016e94_o.jpg
    [url] => https://www.flickr.com/photos/burgtender/4052169876/sizes/o/
    [media] => photo
)

15:57:09Array
(
    [0] => Array
        (
            [label] => Square
            [width] => 75
            [height] => 75
            [source] => https://farm3.staticflickr.com/2430/4052169876_9e3808b206_s.jpg
            [url] => https://www.flickr.com/photos/burgtender/4052169876/sizes/sq/
            [media] => photo
        )

    [1] => Array
        (
            [label] => Large Square
            [width] => 150
            [height] => 150
            [source] => https://farm3.staticflickr.com/2430/4052169876_9e3808b206_q.jpg
            [url] => https://www.flickr.com/photos/burgtender/4052169876/sizes/q/
            [media] => photo
        )

    [2] => Array
        (
            [label] => Thumbnail
            [width] => 100
            [height] => 67
            [source] => https://farm3.staticflickr.com/2430/4052169876_9e3808b206_t.jpg
            [url] => https://www.flickr.com/photos/burgtender/4052169876/sizes/t/
            [media] => photo
        )

    [3] => Array
        (
            [label] => Small
            [width] => 240
            [height] => 161
            [source] => https://farm3.staticflickr.com/2430/4052169876_9e3808b206_m.jpg
            [url] => https://www.flickr.com/photos/burgtender/4052169876/sizes/s/
            [media] => photo
        )

    [4] => Array
        (
            [label] => Small 320
            [width] => 320
            [height] => 214
            [source] => https://farm3.staticflickr.com/2430/4052169876_9e3808b206_n.jpg
            [url] => https://www.flickr.com/photos/burgtender/4052169876/sizes/n/
            [media] => photo
        )

    [5] => Array
        (
            [label] => Medium
            [width] => 500
            [height] => 334
            [source] => https://farm3.staticflickr.com/2430/4052169876_9e3808b206.jpg
            [url] => https://www.flickr.com/photos/burgtender/4052169876/sizes/m/
            [media] => photo
        )

    [6] => Array
        (
            [label] => Medium 640
            [width] => 640
            [height] => 428
            [source] => https://farm3.staticflickr.com/2430/4052169876_9e3808b206_z.jpg
            [url] => https://www.flickr.com/photos/burgtender/4052169876/sizes/z/
            [media] => photo
        )

    [7] => Array
        (
            [label] => Large
            [width] => 1024
            [height] => 685
            [source] => https://farm3.staticflickr.com/2430/4052169876_9e3808b206_b.jpg
            [url] => https://www.flickr.com/photos/burgtender/4052169876/sizes/l/
            [media] => photo
        )

    [8] => Array
        (
            [label] => Original
            [width] => 1600
            [height] => 1071
            [source] => https://farm3.staticflickr.com/2430/4052169876_702e016e94_o.jpg
            [url] => https://www.flickr.com/photos/burgtender/4052169876/sizes/o/
            [media] => photo
        )

)

15:57:09Array
(
    [label] => Original
    [width] => 1600
    [height] => 1071
    [source] => https://farm3.staticflickr.com/2430/4052169876_702e016e94_o.jpg
    [url] => https://www.flickr.com/photos/burgtender/4052169876/sizes/o/
    [media] => photo
)

15:57:09Array
(
    [0] => Array
        (
            [label] => Square
            [width] => 75
            [height] => 75
            [source] => https://farm3.staticflickr.com/2430/4052169876_9e3808b206_s.jpg
            [url] => https://www.flickr.com/photos/burgtender/4052169876/sizes/sq/
            [media] => photo
        )

    [1] => Array
        (
            [label] => Large Square
            [width] => 150
            [height] => 150
            [source] => https://farm3.staticflickr.com/2430/4052169876_9e3808b206_q.jpg
            [url] => https://www.flickr.com/photos/burgtender/4052169876/sizes/q/
            [media] => photo
        )

    [2] => Array
        (
            [label] => Thumbnail
            [width] => 100
            [height] => 67
            [source] => https://farm3.staticflickr.com/2430/4052169876_9e3808b206_t.jpg
            [url] => https://www.flickr.com/photos/burgtender/4052169876/sizes/t/
            [media] => photo
        )

    [3] => Array
        (
            [label] => Small
            [width] => 240
            [height] => 161
            [source] => https://farm3.staticflickr.com/2430/4052169876_9e3808b206_m.jpg
            [url] => https://www.flickr.com/photos/burgtender/4052169876/sizes/s/
            [media] => photo
        )

    [4] => Array
        (
            [label] => Small 320
            [width] => 320
            [height] => 214
            [source] => https://farm3.staticflickr.com/2430/4052169876_9e3808b206_n.jpg
            [url] => https://www.flickr.com/photos/burgtender/4052169876/sizes/n/
            [media] => photo
        )

    [5] => Array
        (
            [label] => Medium
            [width] => 500
            [height] => 334
            [source] => https://farm3.staticflickr.com/2430/4052169876_9e3808b206.jpg
            [url] => https://www.flickr.com/photos/burgtender/4052169876/sizes/m/
            [media] => photo
        )

    [6] => Array
        (
            [label] => Medium 640
            [width] => 640
            [height] => 428
            [source] => https://farm3.staticflickr.com/2430/4052169876_9e3808b206_z.jpg
            [url] => https://www.flickr.com/photos/burgtender/4052169876/sizes/z/
            [media] => photo
        )

    [7] => Array
        (
            [label] => Large
            [width] => 1024
            [height] => 685
            [source] => https://farm3.staticflickr.com/2430/4052169876_9e3808b206_b.jpg
            [url] => https://www.flickr.com/photos/burgtender/4052169876/sizes/l/
            [media] => photo
        )

    [8] => Array
        (
            [label] => Original
            [width] => 1600
            [height] => 1071
            [source] => https://farm3.staticflickr.com/2430/4052169876_702e016e94_o.jpg
            [url] => https://www.flickr.com/photos/burgtender/4052169876/sizes/o/
            [media] => photo
        )

)

15:57:09Array
(
    [label] => Original
    [width] => 1600
    [height] => 1071
    [source] => https://farm3.staticflickr.com/2430/4052169876_702e016e94_o.jpg
    [url] => https://www.flickr.com/photos/burgtender/4052169876/sizes/o/
    [media] => photo
)

15:57:09Array
(
    [0] => Array
        (
            [label] => Square
            [width] => 75
            [height] => 75
            [source] => https://farm3.staticflickr.com/2430/4052169876_9e3808b206_s.jpg
            [url] => https://www.flickr.com/photos/burgtender/4052169876/sizes/sq/
            [media] => photo
        )

    [1] => Array
        (
            [label] => Large Square
            [width] => 150
            [height] => 150
            [source] => https://farm3.staticflickr.com/2430/4052169876_9e3808b206_q.jpg
            [url] => https://www.flickr.com/photos/burgtender/4052169876/sizes/q/
            [media] => photo
        )

    [2] => Array
        (
            [label] => Thumbnail
            [width] => 100
            [height] => 67
            [source] => https://farm3.staticflickr.com/2430/4052169876_9e3808b206_t.jpg
            [url] => https://www.flickr.com/photos/burgtender/4052169876/sizes/t/
            [media] => photo
        )

    [3] => Array
        (
            [label] => Small
            [width] => 240
            [height] => 161
            [source] => https://farm3.staticflickr.com/2430/4052169876_9e3808b206_m.jpg
            [url] => https://www.flickr.com/photos/burgtender/4052169876/sizes/s/
            [media] => photo
        )

    [4] => Array
        (
            [label] => Small 320
            [width] => 320
            [height] => 214
            [source] => https://farm3.staticflickr.com/2430/4052169876_9e3808b206_n.jpg
            [url] => https://www.flickr.com/photos/burgtender/4052169876/sizes/n/
            [media] => photo
        )

    [5] => Array
        (
            [label] => Medium
            [width] => 500
            [height] => 334
            [source] => https://farm3.staticflickr.com/2430/4052169876_9e3808b206.jpg
            [url] => https://www.flickr.com/photos/burgtender/4052169876/sizes/m/
            [media] => photo
        )

    [6] => Array
        (
            [label] => Medium 640
            [width] => 640
            [height] => 428
            [source] => https://farm3.staticflickr.com/2430/4052169876_9e3808b206_z.jpg
            [url] => https://www.flickr.com/photos/burgtender/4052169876/sizes/z/
            [media] => photo
        )

    [7] => Array
        (
            [label] => Large
            [width] => 1024
            [height] => 685
            [source] => https://farm3.staticflickr.com/2430/4052169876_9e3808b206_b.jpg
            [url] => https://www.flickr.com/photos/burgtender/4052169876/sizes/l/
            [media] => photo
        )

    [8] => Array
        (
            [label] => Original
            [width] => 1600
            [height] => 1071
            [source] => https://farm3.staticflickr.com/2430/4052169876_702e016e94_o.jpg
            [url] => https://www.flickr.com/photos/burgtender/4052169876/sizes/o/
            [media] => photo
        )

)

15:57:09Array
(
    [label] => Original
    [width] => 1600
    [height] => 1071
    [source] => https://farm3.staticflickr.com/2430/4052169876_702e016e94_o.jpg
    [url] => https://www.flickr.com/photos/burgtender/4052169876/sizes/o/
    [media] => photo
)

15:57:09Array
(
    [0] => Array
        (
            [label] => Square
            [width] => 75
            [height] => 75
            [source] => https://farm3.staticflickr.com/2430/4052169876_9e3808b206_s.jpg
            [url] => https://www.flickr.com/photos/burgtender/4052169876/sizes/sq/
            [media] => photo
        )

    [1] => Array
        (
            [label] => Large Square
            [width] => 150
            [height] => 150
            [source] => https://farm3.staticflickr.com/2430/4052169876_9e3808b206_q.jpg
            [url] => https://www.flickr.com/photos/burgtender/4052169876/sizes/q/
            [media] => photo
        )

    [2] => Array
        (
            [label] => Thumbnail
            [width] => 100
            [height] => 67
            [source] => https://farm3.staticflickr.com/2430/4052169876_9e3808b206_t.jpg
            [url] => https://www.flickr.com/photos/burgtender/4052169876/sizes/t/
            [media] => photo
        )

    [3] => Array
        (
            [label] => Small
            [width] => 240
            [height] => 161
            [source] => https://farm3.staticflickr.com/2430/4052169876_9e3808b206_m.jpg
            [url] => https://www.flickr.com/photos/burgtender/4052169876/sizes/s/
            [media] => photo
        )

    [4] => Array
        (
            [label] => Small 320
            [width] => 320
            [height] => 214
            [source] => https://farm3.staticflickr.com/2430/4052169876_9e3808b206_n.jpg
            [url] => https://www.flickr.com/photos/burgtender/4052169876/sizes/n/
            [media] => photo
        )

    [5] => Array
        (
            [label] => Medium
            [width] => 500
            [height] => 334
            [source] => https://farm3.staticflickr.com/2430/4052169876_9e3808b206.jpg
            [url] => https://www.flickr.com/photos/burgtender/4052169876/sizes/m/
            [media] => photo
        )

    [6] => Array
        (
            [label] => Medium 640
            [width] => 640
            [height] => 428
            [source] => https://farm3.staticflickr.com/2430/4052169876_9e3808b206_z.jpg
            [url] => https://www.flickr.com/photos/burgtender/4052169876/sizes/z/
            [media] => photo
        )

    [7] => Array
        (
            [label] => Large
            [width] => 1024
            [height] => 685
            [source] => https://farm3.staticflickr.com/2430/4052169876_9e3808b206_b.jpg
            [url] => https://www.flickr.com/photos/burgtender/4052169876/sizes/l/
            [media] => photo
        )

    [8] => Array
        (
            [label] => Original
            [width] => 1600
            [height] => 1071
            [source] => https://farm3.staticflickr.com/2430/4052169876_702e016e94_o.jpg
            [url] => https://www.flickr.com/photos/burgtender/4052169876/sizes/o/
            [media] => photo
        )

)

15:57:09Array
(
    [label] => Original
    [width] => 1600
    [height] => 1071
    [source] => https://farm3.staticflickr.com/2430/4052169876_702e016e94_o.jpg
    [url] => https://www.flickr.com/photos/burgtender/4052169876/sizes/o/
    [media] => photo
)

15:57:09Array
(
    [0] => Array
        (
            [label] => Square
            [width] => 75
            [height] => 75
            [source] => https://farm3.staticflickr.com/2430/4052169876_9e3808b206_s.jpg
            [url] => https://www.flickr.com/photos/burgtender/4052169876/sizes/sq/
            [media] => photo
        )

    [1] => Array
        (
            [label] => Large Square
            [width] => 150
            [height] => 150
            [source] => https://farm3.staticflickr.com/2430/4052169876_9e3808b206_q.jpg
            [url] => https://www.flickr.com/photos/burgtender/4052169876/sizes/q/
            [media] => photo
        )

    [2] => Array
        (
            [label] => Thumbnail
            [width] => 100
            [height] => 67
            [source] => https://farm3.staticflickr.com/2430/4052169876_9e3808b206_t.jpg
            [url] => https://www.flickr.com/photos/burgtender/4052169876/sizes/t/
            [media] => photo
        )

    [3] => Array
        (
            [label] => Small
            [width] => 240
            [height] => 161
            [source] => https://farm3.staticflickr.com/2430/4052169876_9e3808b206_m.jpg
            [url] => https://www.flickr.com/photos/burgtender/4052169876/sizes/s/
            [media] => photo
        )

    [4] => Array
        (
            [label] => Small 320
            [width] => 320
            [height] => 214
            [source] => https://farm3.staticflickr.com/2430/4052169876_9e3808b206_n.jpg
            [url] => https://www.flickr.com/photos/burgtender/4052169876/sizes/n/
            [media] => photo
        )

    [5] => Array
        (
            [label] => Medium
            [width] => 500
            [height] => 334
            [source] => https://farm3.staticflickr.com/2430/4052169876_9e3808b206.jpg
            [url] => https://www.flickr.com/photos/burgtender/4052169876/sizes/m/
            [media] => photo
        )

    [6] => Array
        (
            [label] => Medium 640
            [width] => 640
            [height] => 428
            [source] => https://farm3.staticflickr.com/2430/4052169876_9e3808b206_z.jpg
            [url] => https://www.flickr.com/photos/burgtender/4052169876/sizes/z/
            [media] => photo
        )

    [7] => Array
        (
            [label] => Large
            [width] => 1024
            [height] => 685
            [source] => https://farm3.staticflickr.com/2430/4052169876_9e3808b206_b.jpg
            [url] => https://www.flickr.com/photos/burgtender/4052169876/sizes/l/
            [media] => photo
        )

    [8] => Array
        (
            [label] => Original
            [width] => 1600
            [height] => 1071
            [source] => https://farm3.staticflickr.com/2430/4052169876_702e016e94_o.jpg
            [url] => https://www.flickr.com/photos/burgtender/4052169876/sizes/o/
            [media] => photo
        )

)

15:57:09Array
(
    [label] => Original
    [width] => 1600
    [height] => 1071
    [source] => https://farm3.staticflickr.com/2430/4052169876_702e016e94_o.jpg
    [url] => https://www.flickr.com/photos/burgtender/4052169876/sizes/o/
    [media] => photo
)

15:57:10Array
(
    [0] => Array
        (
            [label] => Square
            [width] => 75
            [height] => 75
            [source] => https://farm3.staticflickr.com/2430/4052169876_9e3808b206_s.jpg
            [url] => https://www.flickr.com/photos/burgtender/4052169876/sizes/sq/
            [media] => photo
        )

    [1] => Array
        (
            [label] => Large Square
            [width] => 150
            [height] => 150
            [source] => https://farm3.staticflickr.com/2430/4052169876_9e3808b206_q.jpg
            [url] => https://www.flickr.com/photos/burgtender/4052169876/sizes/q/
            [media] => photo
        )

    [2] => Array
        (
            [label] => Thumbnail
            [width] => 100
            [height] => 67
            [source] => https://farm3.staticflickr.com/2430/4052169876_9e3808b206_t.jpg
            [url] => https://www.flickr.com/photos/burgtender/4052169876/sizes/t/
            [media] => photo
        )

    [3] => Array
        (
            [label] => Small
            [width] => 240
            [height] => 161
            [source] => https://farm3.staticflickr.com/2430/4052169876_9e3808b206_m.jpg
            [url] => https://www.flickr.com/photos/burgtender/4052169876/sizes/s/
            [media] => photo
        )

    [4] => Array
        (
            [label] => Small 320
            [width] => 320
            [height] => 214
            [source] => https://farm3.staticflickr.com/2430/4052169876_9e3808b206_n.jpg
            [url] => https://www.flickr.com/photos/burgtender/4052169876/sizes/n/
            [media] => photo
        )

    [5] => Array
        (
            [label] => Medium
            [width] => 500
            [height] => 334
            [source] => https://farm3.staticflickr.com/2430/4052169876_9e3808b206.jpg
            [url] => https://www.flickr.com/photos/burgtender/4052169876/sizes/m/
            [media] => photo
        )

    [6] => Array
        (
            [label] => Medium 640
            [width] => 640
            [height] => 428
            [source] => https://farm3.staticflickr.com/2430/4052169876_9e3808b206_z.jpg
            [url] => https://www.flickr.com/photos/burgtender/4052169876/sizes/z/
            [media] => photo
        )

    [7] => Array
        (
            [label] => Large
            [width] => 1024
            [height] => 685
            [source] => https://farm3.staticflickr.com/2430/4052169876_9e3808b206_b.jpg
            [url] => https://www.flickr.com/photos/burgtender/4052169876/sizes/l/
            [media] => photo
        )

    [8] => Array
        (
            [label] => Original
            [width] => 1600
            [height] => 1071
            [source] => https://farm3.staticflickr.com/2430/4052169876_702e016e94_o.jpg
            [url] => https://www.flickr.com/photos/burgtender/4052169876/sizes/o/
            [media] => photo
        )

)

15:57:10Array
(
    [label] => Original
    [width] => 1600
    [height] => 1071
    [source] => https://farm3.staticflickr.com/2430/4052169876_702e016e94_o.jpg
    [url] => https://www.flickr.com/photos/burgtender/4052169876/sizes/o/
    [media] => photo
)

15:57:10Array
(
    [0] => Array
        (
            [label] => Square
            [width] => 75
            [height] => 75
            [source] => https://farm3.staticflickr.com/2430/4052169876_9e3808b206_s.jpg
            [url] => https://www.flickr.com/photos/burgtender/4052169876/sizes/sq/
            [media] => photo
        )

    [1] => Array
        (
            [label] => Large Square
            [width] => 150
            [height] => 150
            [source] => https://farm3.staticflickr.com/2430/4052169876_9e3808b206_q.jpg
            [url] => https://www.flickr.com/photos/burgtender/4052169876/sizes/q/
            [media] => photo
        )

    [2] => Array
        (
            [label] => Thumbnail
            [width] => 100
            [height] => 67
            [source] => https://farm3.staticflickr.com/2430/4052169876_9e3808b206_t.jpg
            [url] => https://www.flickr.com/photos/burgtender/4052169876/sizes/t/
            [media] => photo
        )

    [3] => Array
        (
            [label] => Small
            [width] => 240
            [height] => 161
            [source] => https://farm3.staticflickr.com/2430/4052169876_9e3808b206_m.jpg
            [url] => https://www.flickr.com/photos/burgtender/4052169876/sizes/s/
            [media] => photo
        )

    [4] => Array
        (
            [label] => Small 320
            [width] => 320
            [height] => 214
            [source] => https://farm3.staticflickr.com/2430/4052169876_9e3808b206_n.jpg
            [url] => https://www.flickr.com/photos/burgtender/4052169876/sizes/n/
            [media] => photo
        )

    [5] => Array
        (
            [label] => Medium
            [width] => 500
            [height] => 334
            [source] => https://farm3.staticflickr.com/2430/4052169876_9e3808b206.jpg
            [url] => https://www.flickr.com/photos/burgtender/4052169876/sizes/m/
            [media] => photo
        )

    [6] => Array
        (
            [label] => Medium 640
            [width] => 640
            [height] => 428
            [source] => https://farm3.staticflickr.com/2430/4052169876_9e3808b206_z.jpg
            [url] => https://www.flickr.com/photos/burgtender/4052169876/sizes/z/
            [media] => photo
        )

    [7] => Array
        (
            [label] => Large
            [width] => 1024
            [height] => 685
            [source] => https://farm3.staticflickr.com/2430/4052169876_9e3808b206_b.jpg
            [url] => https://www.flickr.com/photos/burgtender/4052169876/sizes/l/
            [media] => photo
        )

    [8] => Array
        (
            [label] => Original
            [width] => 1600
            [height] => 1071
            [source] => https://farm3.staticflickr.com/2430/4052169876_702e016e94_o.jpg
            [url] => https://www.flickr.com/photos/burgtender/4052169876/sizes/o/
            [media] => photo
        )

)

15:57:10Array
(
    [label] => Original
    [width] => 1600
    [height] => 1071
    [source] => https://farm3.staticflickr.com/2430/4052169876_702e016e94_o.jpg
    [url] => https://www.flickr.com/photos/burgtender/4052169876/sizes/o/
    [media] => photo
)

15:57:10Array
(
    [0] => Array
        (
            [label] => Square
            [width] => 75
            [height] => 75
            [source] => https://farm3.staticflickr.com/2430/4052169876_9e3808b206_s.jpg
            [url] => https://www.flickr.com/photos/burgtender/4052169876/sizes/sq/
            [media] => photo
        )

    [1] => Array
        (
            [label] => Large Square
            [width] => 150
            [height] => 150
            [source] => https://farm3.staticflickr.com/2430/4052169876_9e3808b206_q.jpg
            [url] => https://www.flickr.com/photos/burgtender/4052169876/sizes/q/
            [media] => photo
        )

    [2] => Array
        (
            [label] => Thumbnail
            [width] => 100
            [height] => 67
            [source] => https://farm3.staticflickr.com/2430/4052169876_9e3808b206_t.jpg
            [url] => https://www.flickr.com/photos/burgtender/4052169876/sizes/t/
            [media] => photo
        )

    [3] => Array
        (
            [label] => Small
            [width] => 240
            [height] => 161
            [source] => https://farm3.staticflickr.com/2430/4052169876_9e3808b206_m.jpg
            [url] => https://www.flickr.com/photos/burgtender/4052169876/sizes/s/
            [media] => photo
        )

    [4] => Array
        (
            [label] => Small 320
            [width] => 320
            [height] => 214
            [source] => https://farm3.staticflickr.com/2430/4052169876_9e3808b206_n.jpg
            [url] => https://www.flickr.com/photos/burgtender/4052169876/sizes/n/
            [media] => photo
        )

    [5] => Array
        (
            [label] => Medium
            [width] => 500
            [height] => 334
            [source] => https://farm3.staticflickr.com/2430/4052169876_9e3808b206.jpg
            [url] => https://www.flickr.com/photos/burgtender/4052169876/sizes/m/
            [media] => photo
        )

    [6] => Array
        (
            [label] => Medium 640
            [width] => 640
            [height] => 428
            [source] => https://farm3.staticflickr.com/2430/4052169876_9e3808b206_z.jpg
            [url] => https://www.flickr.com/photos/burgtender/4052169876/sizes/z/
            [media] => photo
        )

    [7] => Array
        (
            [label] => Large
            [width] => 1024
            [height] => 685
            [source] => https://farm3.staticflickr.com/2430/4052169876_9e3808b206_b.jpg
            [url] => https://www.flickr.com/photos/burgtender/4052169876/sizes/l/
            [media] => photo
        )

    [8] => Array
        (
            [label] => Original
            [width] => 1600
            [height] => 1071
            [source] => https://farm3.staticflickr.com/2430/4052169876_702e016e94_o.jpg
            [url] => https://www.flickr.com/photos/burgtender/4052169876/sizes/o/
            [media] => photo
        )

)

15:57:10Array
(
    [label] => Original
    [width] => 1600
    [height] => 1071
    [source] => https://farm3.staticflickr.com/2430/4052169876_702e016e94_o.jpg
    [url] => https://www.flickr.com/photos/burgtender/4052169876/sizes/o/
    [media] => photo
)

16:00:57Array
(
    [0] => Array
        (
            [label] => Square
            [width] => 75
            [height] => 75
            [source] => https://farm3.staticflickr.com/2430/4052169876_9e3808b206_s.jpg
            [url] => https://www.flickr.com/photos/burgtender/4052169876/sizes/sq/
            [media] => photo
        )

    [1] => Array
        (
            [label] => Large Square
            [width] => 150
            [height] => 150
            [source] => https://farm3.staticflickr.com/2430/4052169876_9e3808b206_q.jpg
            [url] => https://www.flickr.com/photos/burgtender/4052169876/sizes/q/
            [media] => photo
        )

    [2] => Array
        (
            [label] => Thumbnail
            [width] => 100
            [height] => 67
            [source] => https://farm3.staticflickr.com/2430/4052169876_9e3808b206_t.jpg
            [url] => https://www.flickr.com/photos/burgtender/4052169876/sizes/t/
            [media] => photo
        )

    [3] => Array
        (
            [label] => Small
            [width] => 240
            [height] => 161
            [source] => https://farm3.staticflickr.com/2430/4052169876_9e3808b206_m.jpg
            [url] => https://www.flickr.com/photos/burgtender/4052169876/sizes/s/
            [media] => photo
        )

    [4] => Array
        (
            [label] => Small 320
            [width] => 320
            [height] => 214
            [source] => https://farm3.staticflickr.com/2430/4052169876_9e3808b206_n.jpg
            [url] => https://www.flickr.com/photos/burgtender/4052169876/sizes/n/
            [media] => photo
        )

    [5] => Array
        (
            [label] => Medium
            [width] => 500
            [height] => 334
            [source] => https://farm3.staticflickr.com/2430/4052169876_9e3808b206.jpg
            [url] => https://www.flickr.com/photos/burgtender/4052169876/sizes/m/
            [media] => photo
        )

    [6] => Array
        (
            [label] => Medium 640
            [width] => 640
            [height] => 428
            [source] => https://farm3.staticflickr.com/2430/4052169876_9e3808b206_z.jpg
            [url] => https://www.flickr.com/photos/burgtender/4052169876/sizes/z/
            [media] => photo
        )

    [7] => Array
        (
            [label] => Large
            [width] => 1024
            [height] => 685
            [source] => https://farm3.staticflickr.com/2430/4052169876_9e3808b206_b.jpg
            [url] => https://www.flickr.com/photos/burgtender/4052169876/sizes/l/
            [media] => photo
        )

    [8] => Array
        (
            [label] => Original
            [width] => 1600
            [height] => 1071
            [source] => https://farm3.staticflickr.com/2430/4052169876_702e016e94_o.jpg
            [url] => https://www.flickr.com/photos/burgtender/4052169876/sizes/o/
            [media] => photo
        )

)

16:00:57Array
(
    [label] => Original
    [width] => 1600
    [height] => 1071
    [source] => https://farm3.staticflickr.com/2430/4052169876_702e016e94_o.jpg
    [url] => https://www.flickr.com/photos/burgtender/4052169876/sizes/o/
    [media] => photo
)

16:00:57Array
(
    [0] => Array
        (
            [label] => Square
            [width] => 75
            [height] => 75
            [source] => https://farm3.staticflickr.com/2430/4052169876_9e3808b206_s.jpg
            [url] => https://www.flickr.com/photos/burgtender/4052169876/sizes/sq/
            [media] => photo
        )

    [1] => Array
        (
            [label] => Large Square
            [width] => 150
            [height] => 150
            [source] => https://farm3.staticflickr.com/2430/4052169876_9e3808b206_q.jpg
            [url] => https://www.flickr.com/photos/burgtender/4052169876/sizes/q/
            [media] => photo
        )

    [2] => Array
        (
            [label] => Thumbnail
            [width] => 100
            [height] => 67
            [source] => https://farm3.staticflickr.com/2430/4052169876_9e3808b206_t.jpg
            [url] => https://www.flickr.com/photos/burgtender/4052169876/sizes/t/
            [media] => photo
        )

    [3] => Array
        (
            [label] => Small
            [width] => 240
            [height] => 161
            [source] => https://farm3.staticflickr.com/2430/4052169876_9e3808b206_m.jpg
            [url] => https://www.flickr.com/photos/burgtender/4052169876/sizes/s/
            [media] => photo
        )

    [4] => Array
        (
            [label] => Small 320
            [width] => 320
            [height] => 214
            [source] => https://farm3.staticflickr.com/2430/4052169876_9e3808b206_n.jpg
            [url] => https://www.flickr.com/photos/burgtender/4052169876/sizes/n/
            [media] => photo
        )

    [5] => Array
        (
            [label] => Medium
            [width] => 500
            [height] => 334
            [source] => https://farm3.staticflickr.com/2430/4052169876_9e3808b206.jpg
            [url] => https://www.flickr.com/photos/burgtender/4052169876/sizes/m/
            [media] => photo
        )

    [6] => Array
        (
            [label] => Medium 640
            [width] => 640
            [height] => 428
            [source] => https://farm3.staticflickr.com/2430/4052169876_9e3808b206_z.jpg
            [url] => https://www.flickr.com/photos/burgtender/4052169876/sizes/z/
            [media] => photo
        )

    [7] => Array
        (
            [label] => Large
            [width] => 1024
            [height] => 685
            [source] => https://farm3.staticflickr.com/2430/4052169876_9e3808b206_b.jpg
            [url] => https://www.flickr.com/photos/burgtender/4052169876/sizes/l/
            [media] => photo
        )

    [8] => Array
        (
            [label] => Original
            [width] => 1600
            [height] => 1071
            [source] => https://farm3.staticflickr.com/2430/4052169876_702e016e94_o.jpg
            [url] => https://www.flickr.com/photos/burgtender/4052169876/sizes/o/
            [media] => photo
        )

)

16:00:57Array
(
    [label] => Original
    [width] => 1600
    [height] => 1071
    [source] => https://farm3.staticflickr.com/2430/4052169876_702e016e94_o.jpg
    [url] => https://www.flickr.com/photos/burgtender/4052169876/sizes/o/
    [media] => photo
)

16:00:57Array
(
    [0] => Array
        (
            [label] => Square
            [width] => 75
            [height] => 75
            [source] => https://farm3.staticflickr.com/2430/4052169876_9e3808b206_s.jpg
            [url] => https://www.flickr.com/photos/burgtender/4052169876/sizes/sq/
            [media] => photo
        )

    [1] => Array
        (
            [label] => Large Square
            [width] => 150
            [height] => 150
            [source] => https://farm3.staticflickr.com/2430/4052169876_9e3808b206_q.jpg
            [url] => https://www.flickr.com/photos/burgtender/4052169876/sizes/q/
            [media] => photo
        )

    [2] => Array
        (
            [label] => Thumbnail
            [width] => 100
            [height] => 67
            [source] => https://farm3.staticflickr.com/2430/4052169876_9e3808b206_t.jpg
            [url] => https://www.flickr.com/photos/burgtender/4052169876/sizes/t/
            [media] => photo
        )

    [3] => Array
        (
            [label] => Small
            [width] => 240
            [height] => 161
            [source] => https://farm3.staticflickr.com/2430/4052169876_9e3808b206_m.jpg
            [url] => https://www.flickr.com/photos/burgtender/4052169876/sizes/s/
            [media] => photo
        )

    [4] => Array
        (
            [label] => Small 320
            [width] => 320
            [height] => 214
            [source] => https://farm3.staticflickr.com/2430/4052169876_9e3808b206_n.jpg
            [url] => https://www.flickr.com/photos/burgtender/4052169876/sizes/n/
            [media] => photo
        )

    [5] => Array
        (
            [label] => Medium
            [width] => 500
            [height] => 334
            [source] => https://farm3.staticflickr.com/2430/4052169876_9e3808b206.jpg
            [url] => https://www.flickr.com/photos/burgtender/4052169876/sizes/m/
            [media] => photo
        )

    [6] => Array
        (
            [label] => Medium 640
            [width] => 640
            [height] => 428
            [source] => https://farm3.staticflickr.com/2430/4052169876_9e3808b206_z.jpg
            [url] => https://www.flickr.com/photos/burgtender/4052169876/sizes/z/
            [media] => photo
        )

    [7] => Array
        (
            [label] => Large
            [width] => 1024
            [height] => 685
            [source] => https://farm3.staticflickr.com/2430/4052169876_9e3808b206_b.jpg
            [url] => https://www.flickr.com/photos/burgtender/4052169876/sizes/l/
            [media] => photo
        )

    [8] => Array
        (
            [label] => Original
            [width] => 1600
            [height] => 1071
            [source] => https://farm3.staticflickr.com/2430/4052169876_702e016e94_o.jpg
            [url] => https://www.flickr.com/photos/burgtender/4052169876/sizes/o/
            [media] => photo
        )

)

16:00:57Array
(
    [label] => Original
    [width] => 1600
    [height] => 1071
    [source] => https://farm3.staticflickr.com/2430/4052169876_702e016e94_o.jpg
    [url] => https://www.flickr.com/photos/burgtender/4052169876/sizes/o/
    [media] => photo
)

16:00:57Array
(
    [0] => Array
        (
            [label] => Square
            [width] => 75
            [height] => 75
            [source] => https://farm3.staticflickr.com/2430/4052169876_9e3808b206_s.jpg
            [url] => https://www.flickr.com/photos/burgtender/4052169876/sizes/sq/
            [media] => photo
        )

    [1] => Array
        (
            [label] => Large Square
            [width] => 150
            [height] => 150
            [source] => https://farm3.staticflickr.com/2430/4052169876_9e3808b206_q.jpg
            [url] => https://www.flickr.com/photos/burgtender/4052169876/sizes/q/
            [media] => photo
        )

    [2] => Array
        (
            [label] => Thumbnail
            [width] => 100
            [height] => 67
            [source] => https://farm3.staticflickr.com/2430/4052169876_9e3808b206_t.jpg
            [url] => https://www.flickr.com/photos/burgtender/4052169876/sizes/t/
            [media] => photo
        )

    [3] => Array
        (
            [label] => Small
            [width] => 240
            [height] => 161
            [source] => https://farm3.staticflickr.com/2430/4052169876_9e3808b206_m.jpg
            [url] => https://www.flickr.com/photos/burgtender/4052169876/sizes/s/
            [media] => photo
        )

    [4] => Array
        (
            [label] => Small 320
            [width] => 320
            [height] => 214
            [source] => https://farm3.staticflickr.com/2430/4052169876_9e3808b206_n.jpg
            [url] => https://www.flickr.com/photos/burgtender/4052169876/sizes/n/
            [media] => photo
        )

    [5] => Array
        (
            [label] => Medium
            [width] => 500
            [height] => 334
            [source] => https://farm3.staticflickr.com/2430/4052169876_9e3808b206.jpg
            [url] => https://www.flickr.com/photos/burgtender/4052169876/sizes/m/
            [media] => photo
        )

    [6] => Array
        (
            [label] => Medium 640
            [width] => 640
            [height] => 428
            [source] => https://farm3.staticflickr.com/2430/4052169876_9e3808b206_z.jpg
            [url] => https://www.flickr.com/photos/burgtender/4052169876/sizes/z/
            [media] => photo
        )

    [7] => Array
        (
            [label] => Large
            [width] => 1024
            [height] => 685
            [source] => https://farm3.staticflickr.com/2430/4052169876_9e3808b206_b.jpg
            [url] => https://www.flickr.com/photos/burgtender/4052169876/sizes/l/
            [media] => photo
        )

    [8] => Array
        (
            [label] => Original
            [width] => 1600
            [height] => 1071
            [source] => https://farm3.staticflickr.com/2430/4052169876_702e016e94_o.jpg
            [url] => https://www.flickr.com/photos/burgtender/4052169876/sizes/o/
            [media] => photo
        )

)

16:00:57Array
(
    [label] => Original
    [width] => 1600
    [height] => 1071
    [source] => https://farm3.staticflickr.com/2430/4052169876_702e016e94_o.jpg
    [url] => https://www.flickr.com/photos/burgtender/4052169876/sizes/o/
    [media] => photo
)

16:00:57Array
(
    [0] => Array
        (
            [label] => Square
            [width] => 75
            [height] => 75
            [source] => https://farm3.staticflickr.com/2430/4052169876_9e3808b206_s.jpg
            [url] => https://www.flickr.com/photos/burgtender/4052169876/sizes/sq/
            [media] => photo
        )

    [1] => Array
        (
            [label] => Large Square
            [width] => 150
            [height] => 150
            [source] => https://farm3.staticflickr.com/2430/4052169876_9e3808b206_q.jpg
            [url] => https://www.flickr.com/photos/burgtender/4052169876/sizes/q/
            [media] => photo
        )

    [2] => Array
        (
            [label] => Thumbnail
            [width] => 100
            [height] => 67
            [source] => https://farm3.staticflickr.com/2430/4052169876_9e3808b206_t.jpg
            [url] => https://www.flickr.com/photos/burgtender/4052169876/sizes/t/
            [media] => photo
        )

    [3] => Array
        (
            [label] => Small
            [width] => 240
            [height] => 161
            [source] => https://farm3.staticflickr.com/2430/4052169876_9e3808b206_m.jpg
            [url] => https://www.flickr.com/photos/burgtender/4052169876/sizes/s/
            [media] => photo
        )

    [4] => Array
        (
            [label] => Small 320
            [width] => 320
            [height] => 214
            [source] => https://farm3.staticflickr.com/2430/4052169876_9e3808b206_n.jpg
            [url] => https://www.flickr.com/photos/burgtender/4052169876/sizes/n/
            [media] => photo
        )

    [5] => Array
        (
            [label] => Medium
            [width] => 500
            [height] => 334
            [source] => https://farm3.staticflickr.com/2430/4052169876_9e3808b206.jpg
            [url] => https://www.flickr.com/photos/burgtender/4052169876/sizes/m/
            [media] => photo
        )

    [6] => Array
        (
            [label] => Medium 640
            [width] => 640
            [height] => 428
            [source] => https://farm3.staticflickr.com/2430/4052169876_9e3808b206_z.jpg
            [url] => https://www.flickr.com/photos/burgtender/4052169876/sizes/z/
            [media] => photo
        )

    [7] => Array
        (
            [label] => Large
            [width] => 1024
            [height] => 685
            [source] => https://farm3.staticflickr.com/2430/4052169876_9e3808b206_b.jpg
            [url] => https://www.flickr.com/photos/burgtender/4052169876/sizes/l/
            [media] => photo
        )

    [8] => Array
        (
            [label] => Original
            [width] => 1600
            [height] => 1071
            [source] => https://farm3.staticflickr.com/2430/4052169876_702e016e94_o.jpg
            [url] => https://www.flickr.com/photos/burgtender/4052169876/sizes/o/
            [media] => photo
        )

)

16:00:57Array
(
    [label] => Original
    [width] => 1600
    [height] => 1071
    [source] => https://farm3.staticflickr.com/2430/4052169876_702e016e94_o.jpg
    [url] => https://www.flickr.com/photos/burgtender/4052169876/sizes/o/
    [media] => photo
)

16:00:57Array
(
    [0] => Array
        (
            [label] => Square
            [width] => 75
            [height] => 75
            [source] => https://farm3.staticflickr.com/2430/4052169876_9e3808b206_s.jpg
            [url] => https://www.flickr.com/photos/burgtender/4052169876/sizes/sq/
            [media] => photo
        )

    [1] => Array
        (
            [label] => Large Square
            [width] => 150
            [height] => 150
            [source] => https://farm3.staticflickr.com/2430/4052169876_9e3808b206_q.jpg
            [url] => https://www.flickr.com/photos/burgtender/4052169876/sizes/q/
            [media] => photo
        )

    [2] => Array
        (
            [label] => Thumbnail
            [width] => 100
            [height] => 67
            [source] => https://farm3.staticflickr.com/2430/4052169876_9e3808b206_t.jpg
            [url] => https://www.flickr.com/photos/burgtender/4052169876/sizes/t/
            [media] => photo
        )

    [3] => Array
        (
            [label] => Small
            [width] => 240
            [height] => 161
            [source] => https://farm3.staticflickr.com/2430/4052169876_9e3808b206_m.jpg
            [url] => https://www.flickr.com/photos/burgtender/4052169876/sizes/s/
            [media] => photo
        )

    [4] => Array
        (
            [label] => Small 320
            [width] => 320
            [height] => 214
            [source] => https://farm3.staticflickr.com/2430/4052169876_9e3808b206_n.jpg
            [url] => https://www.flickr.com/photos/burgtender/4052169876/sizes/n/
            [media] => photo
        )

    [5] => Array
        (
            [label] => Medium
            [width] => 500
            [height] => 334
            [source] => https://farm3.staticflickr.com/2430/4052169876_9e3808b206.jpg
            [url] => https://www.flickr.com/photos/burgtender/4052169876/sizes/m/
            [media] => photo
        )

    [6] => Array
        (
            [label] => Medium 640
            [width] => 640
            [height] => 428
            [source] => https://farm3.staticflickr.com/2430/4052169876_9e3808b206_z.jpg
            [url] => https://www.flickr.com/photos/burgtender/4052169876/sizes/z/
            [media] => photo
        )

    [7] => Array
        (
            [label] => Large
            [width] => 1024
            [height] => 685
            [source] => https://farm3.staticflickr.com/2430/4052169876_9e3808b206_b.jpg
            [url] => https://www.flickr.com/photos/burgtender/4052169876/sizes/l/
            [media] => photo
        )

    [8] => Array
        (
            [label] => Original
            [width] => 1600
            [height] => 1071
            [source] => https://farm3.staticflickr.com/2430/4052169876_702e016e94_o.jpg
            [url] => https://www.flickr.com/photos/burgtender/4052169876/sizes/o/
            [media] => photo
        )

)

16:00:57Array
(
    [label] => Original
    [width] => 1600
    [height] => 1071
    [source] => https://farm3.staticflickr.com/2430/4052169876_702e016e94_o.jpg
    [url] => https://www.flickr.com/photos/burgtender/4052169876/sizes/o/
    [media] => photo
)

16:00:57Array
(
    [0] => Array
        (
            [label] => Square
            [width] => 75
            [height] => 75
            [source] => https://farm3.staticflickr.com/2430/4052169876_9e3808b206_s.jpg
            [url] => https://www.flickr.com/photos/burgtender/4052169876/sizes/sq/
            [media] => photo
        )

    [1] => Array
        (
            [label] => Large Square
            [width] => 150
            [height] => 150
            [source] => https://farm3.staticflickr.com/2430/4052169876_9e3808b206_q.jpg
            [url] => https://www.flickr.com/photos/burgtender/4052169876/sizes/q/
            [media] => photo
        )

    [2] => Array
        (
            [label] => Thumbnail
            [width] => 100
            [height] => 67
            [source] => https://farm3.staticflickr.com/2430/4052169876_9e3808b206_t.jpg
            [url] => https://www.flickr.com/photos/burgtender/4052169876/sizes/t/
            [media] => photo
        )

    [3] => Array
        (
            [label] => Small
            [width] => 240
            [height] => 161
            [source] => https://farm3.staticflickr.com/2430/4052169876_9e3808b206_m.jpg
            [url] => https://www.flickr.com/photos/burgtender/4052169876/sizes/s/
            [media] => photo
        )

    [4] => Array
        (
            [label] => Small 320
            [width] => 320
            [height] => 214
            [source] => https://farm3.staticflickr.com/2430/4052169876_9e3808b206_n.jpg
            [url] => https://www.flickr.com/photos/burgtender/4052169876/sizes/n/
            [media] => photo
        )

    [5] => Array
        (
            [label] => Medium
            [width] => 500
            [height] => 334
            [source] => https://farm3.staticflickr.com/2430/4052169876_9e3808b206.jpg
            [url] => https://www.flickr.com/photos/burgtender/4052169876/sizes/m/
            [media] => photo
        )

    [6] => Array
        (
            [label] => Medium 640
            [width] => 640
            [height] => 428
            [source] => https://farm3.staticflickr.com/2430/4052169876_9e3808b206_z.jpg
            [url] => https://www.flickr.com/photos/burgtender/4052169876/sizes/z/
            [media] => photo
        )

    [7] => Array
        (
            [label] => Large
            [width] => 1024
            [height] => 685
            [source] => https://farm3.staticflickr.com/2430/4052169876_9e3808b206_b.jpg
            [url] => https://www.flickr.com/photos/burgtender/4052169876/sizes/l/
            [media] => photo
        )

    [8] => Array
        (
            [label] => Original
            [width] => 1600
            [height] => 1071
            [source] => https://farm3.staticflickr.com/2430/4052169876_702e016e94_o.jpg
            [url] => https://www.flickr.com/photos/burgtender/4052169876/sizes/o/
            [media] => photo
        )

)

16:00:57Array
(
    [label] => Original
    [width] => 1600
    [height] => 1071
    [source] => https://farm3.staticflickr.com/2430/4052169876_702e016e94_o.jpg
    [url] => https://www.flickr.com/photos/burgtender/4052169876/sizes/o/
    [media] => photo
)

16:00:57Array
(
    [0] => Array
        (
            [label] => Square
            [width] => 75
            [height] => 75
            [source] => https://farm3.staticflickr.com/2430/4052169876_9e3808b206_s.jpg
            [url] => https://www.flickr.com/photos/burgtender/4052169876/sizes/sq/
            [media] => photo
        )

    [1] => Array
        (
            [label] => Large Square
            [width] => 150
            [height] => 150
            [source] => https://farm3.staticflickr.com/2430/4052169876_9e3808b206_q.jpg
            [url] => https://www.flickr.com/photos/burgtender/4052169876/sizes/q/
            [media] => photo
        )

    [2] => Array
        (
            [label] => Thumbnail
            [width] => 100
            [height] => 67
            [source] => https://farm3.staticflickr.com/2430/4052169876_9e3808b206_t.jpg
            [url] => https://www.flickr.com/photos/burgtender/4052169876/sizes/t/
            [media] => photo
        )

    [3] => Array
        (
            [label] => Small
            [width] => 240
            [height] => 161
            [source] => https://farm3.staticflickr.com/2430/4052169876_9e3808b206_m.jpg
            [url] => https://www.flickr.com/photos/burgtender/4052169876/sizes/s/
            [media] => photo
        )

    [4] => Array
        (
            [label] => Small 320
            [width] => 320
            [height] => 214
            [source] => https://farm3.staticflickr.com/2430/4052169876_9e3808b206_n.jpg
            [url] => https://www.flickr.com/photos/burgtender/4052169876/sizes/n/
            [media] => photo
        )

    [5] => Array
        (
            [label] => Medium
            [width] => 500
            [height] => 334
            [source] => https://farm3.staticflickr.com/2430/4052169876_9e3808b206.jpg
            [url] => https://www.flickr.com/photos/burgtender/4052169876/sizes/m/
            [media] => photo
        )

    [6] => Array
        (
            [label] => Medium 640
            [width] => 640
            [height] => 428
            [source] => https://farm3.staticflickr.com/2430/4052169876_9e3808b206_z.jpg
            [url] => https://www.flickr.com/photos/burgtender/4052169876/sizes/z/
            [media] => photo
        )

    [7] => Array
        (
            [label] => Large
            [width] => 1024
            [height] => 685
            [source] => https://farm3.staticflickr.com/2430/4052169876_9e3808b206_b.jpg
            [url] => https://www.flickr.com/photos/burgtender/4052169876/sizes/l/
            [media] => photo
        )

    [8] => Array
        (
            [label] => Original
            [width] => 1600
            [height] => 1071
            [source] => https://farm3.staticflickr.com/2430/4052169876_702e016e94_o.jpg
            [url] => https://www.flickr.com/photos/burgtender/4052169876/sizes/o/
            [media] => photo
        )

)

16:00:57Array
(
    [label] => Original
    [width] => 1600
    [height] => 1071
    [source] => https://farm3.staticflickr.com/2430/4052169876_702e016e94_o.jpg
    [url] => https://www.flickr.com/photos/burgtender/4052169876/sizes/o/
    [media] => photo
)

16:00:57Array
(
    [0] => Array
        (
            [label] => Square
            [width] => 75
            [height] => 75
            [source] => https://farm3.staticflickr.com/2430/4052169876_9e3808b206_s.jpg
            [url] => https://www.flickr.com/photos/burgtender/4052169876/sizes/sq/
            [media] => photo
        )

    [1] => Array
        (
            [label] => Large Square
            [width] => 150
            [height] => 150
            [source] => https://farm3.staticflickr.com/2430/4052169876_9e3808b206_q.jpg
            [url] => https://www.flickr.com/photos/burgtender/4052169876/sizes/q/
            [media] => photo
        )

    [2] => Array
        (
            [label] => Thumbnail
            [width] => 100
            [height] => 67
            [source] => https://farm3.staticflickr.com/2430/4052169876_9e3808b206_t.jpg
            [url] => https://www.flickr.com/photos/burgtender/4052169876/sizes/t/
            [media] => photo
        )

    [3] => Array
        (
            [label] => Small
            [width] => 240
            [height] => 161
            [source] => https://farm3.staticflickr.com/2430/4052169876_9e3808b206_m.jpg
            [url] => https://www.flickr.com/photos/burgtender/4052169876/sizes/s/
            [media] => photo
        )

    [4] => Array
        (
            [label] => Small 320
            [width] => 320
            [height] => 214
            [source] => https://farm3.staticflickr.com/2430/4052169876_9e3808b206_n.jpg
            [url] => https://www.flickr.com/photos/burgtender/4052169876/sizes/n/
            [media] => photo
        )

    [5] => Array
        (
            [label] => Medium
            [width] => 500
            [height] => 334
            [source] => https://farm3.staticflickr.com/2430/4052169876_9e3808b206.jpg
            [url] => https://www.flickr.com/photos/burgtender/4052169876/sizes/m/
            [media] => photo
        )

    [6] => Array
        (
            [label] => Medium 640
            [width] => 640
            [height] => 428
            [source] => https://farm3.staticflickr.com/2430/4052169876_9e3808b206_z.jpg
            [url] => https://www.flickr.com/photos/burgtender/4052169876/sizes/z/
            [media] => photo
        )

    [7] => Array
        (
            [label] => Large
            [width] => 1024
            [height] => 685
            [source] => https://farm3.staticflickr.com/2430/4052169876_9e3808b206_b.jpg
            [url] => https://www.flickr.com/photos/burgtender/4052169876/sizes/l/
            [media] => photo
        )

    [8] => Array
        (
            [label] => Original
            [width] => 1600
            [height] => 1071
            [source] => https://farm3.staticflickr.com/2430/4052169876_702e016e94_o.jpg
            [url] => https://www.flickr.com/photos/burgtender/4052169876/sizes/o/
            [media] => photo
        )

)

16:00:57Array
(
    [label] => Original
    [width] => 1600
    [height] => 1071
    [source] => https://farm3.staticflickr.com/2430/4052169876_702e016e94_o.jpg
    [url] => https://www.flickr.com/photos/burgtender/4052169876/sizes/o/
    [media] => photo
)

16:00:57Array
(
    [0] => Array
        (
            [label] => Square
            [width] => 75
            [height] => 75
            [source] => https://farm3.staticflickr.com/2430/4052169876_9e3808b206_s.jpg
            [url] => https://www.flickr.com/photos/burgtender/4052169876/sizes/sq/
            [media] => photo
        )

    [1] => Array
        (
            [label] => Large Square
            [width] => 150
            [height] => 150
            [source] => https://farm3.staticflickr.com/2430/4052169876_9e3808b206_q.jpg
            [url] => https://www.flickr.com/photos/burgtender/4052169876/sizes/q/
            [media] => photo
        )

    [2] => Array
        (
            [label] => Thumbnail
            [width] => 100
            [height] => 67
            [source] => https://farm3.staticflickr.com/2430/4052169876_9e3808b206_t.jpg
            [url] => https://www.flickr.com/photos/burgtender/4052169876/sizes/t/
            [media] => photo
        )

    [3] => Array
        (
            [label] => Small
            [width] => 240
            [height] => 161
            [source] => https://farm3.staticflickr.com/2430/4052169876_9e3808b206_m.jpg
            [url] => https://www.flickr.com/photos/burgtender/4052169876/sizes/s/
            [media] => photo
        )

    [4] => Array
        (
            [label] => Small 320
            [width] => 320
            [height] => 214
            [source] => https://farm3.staticflickr.com/2430/4052169876_9e3808b206_n.jpg
            [url] => https://www.flickr.com/photos/burgtender/4052169876/sizes/n/
            [media] => photo
        )

    [5] => Array
        (
            [label] => Medium
            [width] => 500
            [height] => 334
            [source] => https://farm3.staticflickr.com/2430/4052169876_9e3808b206.jpg
            [url] => https://www.flickr.com/photos/burgtender/4052169876/sizes/m/
            [media] => photo
        )

    [6] => Array
        (
            [label] => Medium 640
            [width] => 640
            [height] => 428
            [source] => https://farm3.staticflickr.com/2430/4052169876_9e3808b206_z.jpg
            [url] => https://www.flickr.com/photos/burgtender/4052169876/sizes/z/
            [media] => photo
        )

    [7] => Array
        (
            [label] => Large
            [width] => 1024
            [height] => 685
            [source] => https://farm3.staticflickr.com/2430/4052169876_9e3808b206_b.jpg
            [url] => https://www.flickr.com/photos/burgtender/4052169876/sizes/l/
            [media] => photo
        )

    [8] => Array
        (
            [label] => Original
            [width] => 1600
            [height] => 1071
            [source] => https://farm3.staticflickr.com/2430/4052169876_702e016e94_o.jpg
            [url] => https://www.flickr.com/photos/burgtender/4052169876/sizes/o/
            [media] => photo
        )

)

16:00:57Array
(
    [label] => Original
    [width] => 1600
    [height] => 1071
    [source] => https://farm3.staticflickr.com/2430/4052169876_702e016e94_o.jpg
    [url] => https://www.flickr.com/photos/burgtender/4052169876/sizes/o/
    [media] => photo
)

16:00:57Array
(
    [0] => Array
        (
            [label] => Square
            [width] => 75
            [height] => 75
            [source] => https://farm3.staticflickr.com/2430/4052169876_9e3808b206_s.jpg
            [url] => https://www.flickr.com/photos/burgtender/4052169876/sizes/sq/
            [media] => photo
        )

    [1] => Array
        (
            [label] => Large Square
            [width] => 150
            [height] => 150
            [source] => https://farm3.staticflickr.com/2430/4052169876_9e3808b206_q.jpg
            [url] => https://www.flickr.com/photos/burgtender/4052169876/sizes/q/
            [media] => photo
        )

    [2] => Array
        (
            [label] => Thumbnail
            [width] => 100
            [height] => 67
            [source] => https://farm3.staticflickr.com/2430/4052169876_9e3808b206_t.jpg
            [url] => https://www.flickr.com/photos/burgtender/4052169876/sizes/t/
            [media] => photo
        )

    [3] => Array
        (
            [label] => Small
            [width] => 240
            [height] => 161
            [source] => https://farm3.staticflickr.com/2430/4052169876_9e3808b206_m.jpg
            [url] => https://www.flickr.com/photos/burgtender/4052169876/sizes/s/
            [media] => photo
        )

    [4] => Array
        (
            [label] => Small 320
            [width] => 320
            [height] => 214
            [source] => https://farm3.staticflickr.com/2430/4052169876_9e3808b206_n.jpg
            [url] => https://www.flickr.com/photos/burgtender/4052169876/sizes/n/
            [media] => photo
        )

    [5] => Array
        (
            [label] => Medium
            [width] => 500
            [height] => 334
            [source] => https://farm3.staticflickr.com/2430/4052169876_9e3808b206.jpg
            [url] => https://www.flickr.com/photos/burgtender/4052169876/sizes/m/
            [media] => photo
        )

    [6] => Array
        (
            [label] => Medium 640
            [width] => 640
            [height] => 428
            [source] => https://farm3.staticflickr.com/2430/4052169876_9e3808b206_z.jpg
            [url] => https://www.flickr.com/photos/burgtender/4052169876/sizes/z/
            [media] => photo
        )

    [7] => Array
        (
            [label] => Large
            [width] => 1024
            [height] => 685
            [source] => https://farm3.staticflickr.com/2430/4052169876_9e3808b206_b.jpg
            [url] => https://www.flickr.com/photos/burgtender/4052169876/sizes/l/
            [media] => photo
        )

    [8] => Array
        (
            [label] => Original
            [width] => 1600
            [height] => 1071
            [source] => https://farm3.staticflickr.com/2430/4052169876_702e016e94_o.jpg
            [url] => https://www.flickr.com/photos/burgtender/4052169876/sizes/o/
            [media] => photo
        )

)

16:00:57Array
(
    [label] => Original
    [width] => 1600
    [height] => 1071
    [source] => https://farm3.staticflickr.com/2430/4052169876_702e016e94_o.jpg
    [url] => https://www.flickr.com/photos/burgtender/4052169876/sizes/o/
    [media] => photo
)

16:00:57Array
(
    [0] => Array
        (
            [label] => Square
            [width] => 75
            [height] => 75
            [source] => https://farm3.staticflickr.com/2430/4052169876_9e3808b206_s.jpg
            [url] => https://www.flickr.com/photos/burgtender/4052169876/sizes/sq/
            [media] => photo
        )

    [1] => Array
        (
            [label] => Large Square
            [width] => 150
            [height] => 150
            [source] => https://farm3.staticflickr.com/2430/4052169876_9e3808b206_q.jpg
            [url] => https://www.flickr.com/photos/burgtender/4052169876/sizes/q/
            [media] => photo
        )

    [2] => Array
        (
            [label] => Thumbnail
            [width] => 100
            [height] => 67
            [source] => https://farm3.staticflickr.com/2430/4052169876_9e3808b206_t.jpg
            [url] => https://www.flickr.com/photos/burgtender/4052169876/sizes/t/
            [media] => photo
        )

    [3] => Array
        (
            [label] => Small
            [width] => 240
            [height] => 161
            [source] => https://farm3.staticflickr.com/2430/4052169876_9e3808b206_m.jpg
            [url] => https://www.flickr.com/photos/burgtender/4052169876/sizes/s/
            [media] => photo
        )

    [4] => Array
        (
            [label] => Small 320
            [width] => 320
            [height] => 214
            [source] => https://farm3.staticflickr.com/2430/4052169876_9e3808b206_n.jpg
            [url] => https://www.flickr.com/photos/burgtender/4052169876/sizes/n/
            [media] => photo
        )

    [5] => Array
        (
            [label] => Medium
            [width] => 500
            [height] => 334
            [source] => https://farm3.staticflickr.com/2430/4052169876_9e3808b206.jpg
            [url] => https://www.flickr.com/photos/burgtender/4052169876/sizes/m/
            [media] => photo
        )

    [6] => Array
        (
            [label] => Medium 640
            [width] => 640
            [height] => 428
            [source] => https://farm3.staticflickr.com/2430/4052169876_9e3808b206_z.jpg
            [url] => https://www.flickr.com/photos/burgtender/4052169876/sizes/z/
            [media] => photo
        )

    [7] => Array
        (
            [label] => Large
            [width] => 1024
            [height] => 685
            [source] => https://farm3.staticflickr.com/2430/4052169876_9e3808b206_b.jpg
            [url] => https://www.flickr.com/photos/burgtender/4052169876/sizes/l/
            [media] => photo
        )

    [8] => Array
        (
            [label] => Original
            [width] => 1600
            [height] => 1071
            [source] => https://farm3.staticflickr.com/2430/4052169876_702e016e94_o.jpg
            [url] => https://www.flickr.com/photos/burgtender/4052169876/sizes/o/
            [media] => photo
        )

)

16:00:57Array
(
    [label] => Original
    [width] => 1600
    [height] => 1071
    [source] => https://farm3.staticflickr.com/2430/4052169876_702e016e94_o.jpg
    [url] => https://www.flickr.com/photos/burgtender/4052169876/sizes/o/
    [media] => photo
)

16:00:58Array
(
    [0] => Array
        (
            [label] => Square
            [width] => 75
            [height] => 75
            [source] => https://farm3.staticflickr.com/2430/4052169876_9e3808b206_s.jpg
            [url] => https://www.flickr.com/photos/burgtender/4052169876/sizes/sq/
            [media] => photo
        )

    [1] => Array
        (
            [label] => Large Square
            [width] => 150
            [height] => 150
            [source] => https://farm3.staticflickr.com/2430/4052169876_9e3808b206_q.jpg
            [url] => https://www.flickr.com/photos/burgtender/4052169876/sizes/q/
            [media] => photo
        )

    [2] => Array
        (
            [label] => Thumbnail
            [width] => 100
            [height] => 67
            [source] => https://farm3.staticflickr.com/2430/4052169876_9e3808b206_t.jpg
            [url] => https://www.flickr.com/photos/burgtender/4052169876/sizes/t/
            [media] => photo
        )

    [3] => Array
        (
            [label] => Small
            [width] => 240
            [height] => 161
            [source] => https://farm3.staticflickr.com/2430/4052169876_9e3808b206_m.jpg
            [url] => https://www.flickr.com/photos/burgtender/4052169876/sizes/s/
            [media] => photo
        )

    [4] => Array
        (
            [label] => Small 320
            [width] => 320
            [height] => 214
            [source] => https://farm3.staticflickr.com/2430/4052169876_9e3808b206_n.jpg
            [url] => https://www.flickr.com/photos/burgtender/4052169876/sizes/n/
            [media] => photo
        )

    [5] => Array
        (
            [label] => Medium
            [width] => 500
            [height] => 334
            [source] => https://farm3.staticflickr.com/2430/4052169876_9e3808b206.jpg
            [url] => https://www.flickr.com/photos/burgtender/4052169876/sizes/m/
            [media] => photo
        )

    [6] => Array
        (
            [label] => Medium 640
            [width] => 640
            [height] => 428
            [source] => https://farm3.staticflickr.com/2430/4052169876_9e3808b206_z.jpg
            [url] => https://www.flickr.com/photos/burgtender/4052169876/sizes/z/
            [media] => photo
        )

    [7] => Array
        (
            [label] => Large
            [width] => 1024
            [height] => 685
            [source] => https://farm3.staticflickr.com/2430/4052169876_9e3808b206_b.jpg
            [url] => https://www.flickr.com/photos/burgtender/4052169876/sizes/l/
            [media] => photo
        )

    [8] => Array
        (
            [label] => Original
            [width] => 1600
            [height] => 1071
            [source] => https://farm3.staticflickr.com/2430/4052169876_702e016e94_o.jpg
            [url] => https://www.flickr.com/photos/burgtender/4052169876/sizes/o/
            [media] => photo
        )

)

16:00:58Array
(
    [label] => Original
    [width] => 1600
    [height] => 1071
    [source] => https://farm3.staticflickr.com/2430/4052169876_702e016e94_o.jpg
    [url] => https://www.flickr.com/photos/burgtender/4052169876/sizes/o/
    [media] => photo
)

16:00:58Array
(
    [0] => Array
        (
            [label] => Square
            [width] => 75
            [height] => 75
            [source] => https://farm3.staticflickr.com/2430/4052169876_9e3808b206_s.jpg
            [url] => https://www.flickr.com/photos/burgtender/4052169876/sizes/sq/
            [media] => photo
        )

    [1] => Array
        (
            [label] => Large Square
            [width] => 150
            [height] => 150
            [source] => https://farm3.staticflickr.com/2430/4052169876_9e3808b206_q.jpg
            [url] => https://www.flickr.com/photos/burgtender/4052169876/sizes/q/
            [media] => photo
        )

    [2] => Array
        (
            [label] => Thumbnail
            [width] => 100
            [height] => 67
            [source] => https://farm3.staticflickr.com/2430/4052169876_9e3808b206_t.jpg
            [url] => https://www.flickr.com/photos/burgtender/4052169876/sizes/t/
            [media] => photo
        )

    [3] => Array
        (
            [label] => Small
            [width] => 240
            [height] => 161
            [source] => https://farm3.staticflickr.com/2430/4052169876_9e3808b206_m.jpg
            [url] => https://www.flickr.com/photos/burgtender/4052169876/sizes/s/
            [media] => photo
        )

    [4] => Array
        (
            [label] => Small 320
            [width] => 320
            [height] => 214
            [source] => https://farm3.staticflickr.com/2430/4052169876_9e3808b206_n.jpg
            [url] => https://www.flickr.com/photos/burgtender/4052169876/sizes/n/
            [media] => photo
        )

    [5] => Array
        (
            [label] => Medium
            [width] => 500
            [height] => 334
            [source] => https://farm3.staticflickr.com/2430/4052169876_9e3808b206.jpg
            [url] => https://www.flickr.com/photos/burgtender/4052169876/sizes/m/
            [media] => photo
        )

    [6] => Array
        (
            [label] => Medium 640
            [width] => 640
            [height] => 428
            [source] => https://farm3.staticflickr.com/2430/4052169876_9e3808b206_z.jpg
            [url] => https://www.flickr.com/photos/burgtender/4052169876/sizes/z/
            [media] => photo
        )

    [7] => Array
        (
            [label] => Large
            [width] => 1024
            [height] => 685
            [source] => https://farm3.staticflickr.com/2430/4052169876_9e3808b206_b.jpg
            [url] => https://www.flickr.com/photos/burgtender/4052169876/sizes/l/
            [media] => photo
        )

    [8] => Array
        (
            [label] => Original
            [width] => 1600
            [height] => 1071
            [source] => https://farm3.staticflickr.com/2430/4052169876_702e016e94_o.jpg
            [url] => https://www.flickr.com/photos/burgtender/4052169876/sizes/o/
            [media] => photo
        )

)

16:00:58Array
(
    [label] => Original
    [width] => 1600
    [height] => 1071
    [source] => https://farm3.staticflickr.com/2430/4052169876_702e016e94_o.jpg
    [url] => https://www.flickr.com/photos/burgtender/4052169876/sizes/o/
    [media] => photo
)

16:00:58Array
(
    [0] => Array
        (
            [label] => Square
            [width] => 75
            [height] => 75
            [source] => https://farm3.staticflickr.com/2430/4052169876_9e3808b206_s.jpg
            [url] => https://www.flickr.com/photos/burgtender/4052169876/sizes/sq/
            [media] => photo
        )

    [1] => Array
        (
            [label] => Large Square
            [width] => 150
            [height] => 150
            [source] => https://farm3.staticflickr.com/2430/4052169876_9e3808b206_q.jpg
            [url] => https://www.flickr.com/photos/burgtender/4052169876/sizes/q/
            [media] => photo
        )

    [2] => Array
        (
            [label] => Thumbnail
            [width] => 100
            [height] => 67
            [source] => https://farm3.staticflickr.com/2430/4052169876_9e3808b206_t.jpg
            [url] => https://www.flickr.com/photos/burgtender/4052169876/sizes/t/
            [media] => photo
        )

    [3] => Array
        (
            [label] => Small
            [width] => 240
            [height] => 161
            [source] => https://farm3.staticflickr.com/2430/4052169876_9e3808b206_m.jpg
            [url] => https://www.flickr.com/photos/burgtender/4052169876/sizes/s/
            [media] => photo
        )

    [4] => Array
        (
            [label] => Small 320
            [width] => 320
            [height] => 214
            [source] => https://farm3.staticflickr.com/2430/4052169876_9e3808b206_n.jpg
            [url] => https://www.flickr.com/photos/burgtender/4052169876/sizes/n/
            [media] => photo
        )

    [5] => Array
        (
            [label] => Medium
            [width] => 500
            [height] => 334
            [source] => https://farm3.staticflickr.com/2430/4052169876_9e3808b206.jpg
            [url] => https://www.flickr.com/photos/burgtender/4052169876/sizes/m/
            [media] => photo
        )

    [6] => Array
        (
            [label] => Medium 640
            [width] => 640
            [height] => 428
            [source] => https://farm3.staticflickr.com/2430/4052169876_9e3808b206_z.jpg
            [url] => https://www.flickr.com/photos/burgtender/4052169876/sizes/z/
            [media] => photo
        )

    [7] => Array
        (
            [label] => Large
            [width] => 1024
            [height] => 685
            [source] => https://farm3.staticflickr.com/2430/4052169876_9e3808b206_b.jpg
            [url] => https://www.flickr.com/photos/burgtender/4052169876/sizes/l/
            [media] => photo
        )

    [8] => Array
        (
            [label] => Original
            [width] => 1600
            [height] => 1071
            [source] => https://farm3.staticflickr.com/2430/4052169876_702e016e94_o.jpg
            [url] => https://www.flickr.com/photos/burgtender/4052169876/sizes/o/
            [media] => photo
        )

)

16:00:58Array
(
    [label] => Original
    [width] => 1600
    [height] => 1071
    [source] => https://farm3.staticflickr.com/2430/4052169876_702e016e94_o.jpg
    [url] => https://www.flickr.com/photos/burgtender/4052169876/sizes/o/
    [media] => photo
)

